app/build/intermediates/manifest_merge_blame_file/release/manifest-merger-blame-release-report.txt
1<?xml version="1.0" encoding="utf-8"?>
2<manifest xmlns:android="http://schemas.android.com/apk/res/android"
3    package="com.example.recycleviewtest"
4    android:versionCode="1"
5    android:versionName="1.0" >
6
7    <uses-sdk
8        android:minSdkVersion="27"
8-->src\main\AndroidManifest.xml
9        android:targetSdkVersion="30" />
9-->src\main\AndroidManifest.xml
10    <!--
11         The ACCESS_COARSE/FINE_LOCATION permissions are not required to use
12         Google Maps Android API v2, but you must specify either coarse or fine
13         location permissions for the "MyLocation" functionality.
14    -->
15    <permission
15-->src\main\AndroidManifest.xml:10:5-12:47
16        android:name="com.A1tech.permission.MAPS_RECEIVE"
16-->src\main\AndroidManifest.xml:11:9-58
17        android:protectionLevel="signature" />
17-->src\main\AndroidManifest.xml:12:9-44
18
19    <uses-permission android:name="com.A1tech.permission.MAPS_RECEIVE" />
19-->src\main\AndroidManifest.xml:13:5-73
19-->src\main\AndroidManifest.xml:13:22-71
20    <uses-permission android:name="android.permission.INTERNET" />
20-->src\main\AndroidManifest.xml:15:5-67
20-->src\main\AndroidManifest.xml:15:22-64
21    <uses-permission android:name="android.permission.ACCESS_NETWORK_STATE" />
21-->src\main\AndroidManifest.xml:16:5-79
21-->src\main\AndroidManifest.xml:16:22-76
22    <uses-permission android:name="android.permission.WRITE_EXTERNAL_STORAGE" />
22-->src\main\AndroidManifest.xml:17:5-81
22-->src\main\AndroidManifest.xml:17:22-78
23    <uses-permission android:name="com.google.android.providers.gsf.permission.READ_GSERVICES" />
23-->src\main\AndroidManifest.xml:18:5-98
23-->src\main\AndroidManifest.xml:18:22-95
24    <uses-permission android:name="android.permission.ACCESS_COARSE_LOCATION" />
24-->src\main\AndroidManifest.xml:19:5-81
24-->src\main\AndroidManifest.xml:19:22-78
25    <uses-permission android:name="android.permission.ACCESS_FINE_LOCATION" />
25-->src\main\AndroidManifest.xml:20:5-79
25-->src\main\AndroidManifest.xml:20:22-76
26
27    <uses-feature
27-->src\main\AndroidManifest.xml:21:5-23:34
28        android:glEsVersion="0x00020000"
28-->src\main\AndroidManifest.xml:22:9-41
29        android:required="true" />
29-->src\main\AndroidManifest.xml:23:9-32
30
31    <uses-permission android:name="android.permission.ACCESS_WIFI_STATE" /> <!-- Permission will be merged into the manifest of the hosting app. -->
31-->[com.google.android.libraries.places:places:2.4.0] AndroidManifest.xml:10:5-76
31-->[com.google.android.libraries.places:places:2.4.0] AndroidManifest.xml:10:22-73
32    <!-- Is required to launch foreground extraction service for targetSdkVersion 28+. -->
33    <uses-permission android:name="android.permission.FOREGROUND_SERVICE" />
33-->[com.google.android.play:core:1.7.2] AndroidManifest.xml:8:3-74
33-->[com.google.android.play:core:1.7.2] AndroidManifest.xml:8:20-72
34
35    <application
35-->src\main\AndroidManifest.xml:25:5-78:19
36        android:allowBackup="true"
36-->src\main\AndroidManifest.xml:26:9-35
37        android:appComponentFactory="androidx.core.app.CoreComponentFactory"
37-->[androidx.core:core:1.3.2] AndroidManifest.xml:24:18-86
38        android:extractNativeLibs="false"
39        android:icon="@mipmap/ic_launcher"
39-->src\main\AndroidManifest.xml:27:9-43
40        android:label="@string/app_name"
40-->src\main\AndroidManifest.xml:28:9-41
41        android:networkSecurityConfig="@xml/network_security_config"
41-->src\main\AndroidManifest.xml:29:9-69
42        android:roundIcon="@mipmap/ic_launcher_round"
42-->src\main\AndroidManifest.xml:30:9-54
43        android:supportsRtl="true"
43-->src\main\AndroidManifest.xml:31:9-35
44        android:theme="@style/AppTheme"
44-->src\main\AndroidManifest.xml:32:9-40
45        android:usesCleartextTraffic="true" >
45-->src\main\AndroidManifest.xml:33:9-44
46        <activity android:name="com.A1tech.Activity.LoginActivity" />
46-->src\main\AndroidManifest.xml:35:9-79
46-->src\main\AndroidManifest.xml:35:19-67
47        <activity android:name="com.A1tech.Activity.SignUpActivity" >
47-->src\main\AndroidManifest.xml:36:9-42:20
47-->src\main\AndroidManifest.xml:36:19-68
48            <intent-filter>
48-->src\main\AndroidManifest.xml:37:13-41:29
49                <action android:name="android.intent.action.MAIN" />
49-->src\main\AndroidManifest.xml:38:17-69
49-->src\main\AndroidManifest.xml:38:25-66
50
51                <category android:name="android.intent.category.LAUNCHER" />
51-->src\main\AndroidManifest.xml:40:17-77
51-->src\main\AndroidManifest.xml:40:27-74
52            </intent-filter>
53        </activity>
54        <activity android:name="com.A1tech.Activity.CheckoutActivity" />
54-->src\main\AndroidManifest.xml:43:9-73
54-->src\main\AndroidManifest.xml:43:19-70
55
56        <uses-library
56-->src\main\AndroidManifest.xml:45:9-47:40
57            android:name="org.apache.http.legacy"
57-->src\main\AndroidManifest.xml:46:13-50
58            android:required="false" />
58-->src\main\AndroidManifest.xml:47:13-37
59        <!--
60             The API key for Google Maps-based APIs is defined as a string resource.
61             (See the file "res/values/google_maps_api.xml").
62             Note that the API key is linked to the encryption key used to sign the APK.
63             You need a different API key for each encryption key, including the release key that is used to
64             sign the APK for publishing.
65             You can define the keys for the debug and release targets in src/debug/ and src/release/.
66        -->
67
68        <meta-data
68-->src\main\AndroidManifest.xml:57:9-59:71
69            android:name="com.google.android.geo.API_KEY"
69-->src\main\AndroidManifest.xml:58:13-58
70            android:value="AIzaSyCmFA_Yj4jkHWEJPgVp162YkrmbUTAGoLw" />
70-->src\main\AndroidManifest.xml:59:13-68
71
72        <activity
72-->src\main\AndroidManifest.xml:61:9-63:59
73            android:name="com.A1tech.Activity.MapsActivity"
73-->src\main\AndroidManifest.xml:62:13-60
74            android:label="@string/title_activity_maps" />
74-->src\main\AndroidManifest.xml:63:13-56
75        <activity android:name="com.A1tech.InfoActivity" />
75-->src\main\AndroidManifest.xml:64:9-60
75-->src\main\AndroidManifest.xml:64:19-57
76        <activity android:name="com.A1tech.Activity.ProductTypeActivity" />
76-->src\main\AndroidManifest.xml:65:9-76
76-->src\main\AndroidManifest.xml:65:19-73
77        <activity android:name="com.A1tech.Activity.MainActivity" >
77-->src\main\AndroidManifest.xml:66:9-68:20
77-->src\main\AndroidManifest.xml:66:19-66
78        </activity>
79        <activity android:name="com.A1tech.Activity.ProductActivity" />
79-->src\main\AndroidManifest.xml:69:9-72
79-->src\main\AndroidManifest.xml:69:19-69
80        <activity android:name="com.A1tech.Activity.CartActivity" />
80-->src\main\AndroidManifest.xml:70:9-69
80-->src\main\AndroidManifest.xml:70:19-66
81
82        <meta-data
82-->src\main\AndroidManifest.xml:72:9-74:69
83            android:name="com.google.android.gms"
83-->src\main\AndroidManifest.xml:73:13-50
84            android:value="@integer/google_play_services_version" />
84-->src\main\AndroidManifest.xml:74:13-66
85        <meta-data
85-->src\main\AndroidManifest.xml:75:9-77:57
86            android:name="preloaded_fonts"
86-->src\main\AndroidManifest.xml:76:13-43
87            android:resource="@array/preloaded_fonts" />
87-->src\main\AndroidManifest.xml:77:13-54
88
89        <activity
89-->[com.google.android.libraries.places:places:2.4.0] AndroidManifest.xml:14:9-20:20
90            android:name="com.google.android.libraries.places.widget.AutocompleteActivity"
90-->[com.google.android.libraries.places:places:2.4.0] AndroidManifest.xml:15:13-91
91            android:exported="false"
91-->[com.google.android.libraries.places:places:2.4.0] AndroidManifest.xml:16:13-37
92            android:label="@string/places_autocomplete_label"
92-->[com.google.android.libraries.places:places:2.4.0] AndroidManifest.xml:17:13-62
93            android:theme="@style/PlacesAutocompleteOverlay"
93-->[com.google.android.libraries.places:places:2.4.0] AndroidManifest.xml:18:13-61
94            android:windowSoftInputMode="adjustResize" >
94-->[com.google.android.libraries.places:places:2.4.0] AndroidManifest.xml:19:13-55
95        </activity>
96        <activity
96-->[com.google.android.gms:play-services-base:17.2.1] AndroidManifest.xml:23:9-26:75
97            android:name="com.google.android.gms.common.api.GoogleApiActivity"
97-->[com.google.android.gms:play-services-base:17.2.1] AndroidManifest.xml:24:13-79
98            android:exported="false"
98-->[com.google.android.gms:play-services-base:17.2.1] AndroidManifest.xml:25:13-37
99            android:theme="@android:style/Theme.Translucent.NoTitleBar" />
99-->[com.google.android.gms:play-services-base:17.2.1] AndroidManifest.xml:26:13-72
100
101        <meta-data
101-->[com.google.android.gms:play-services-basement:17.2.1] AndroidManifest.xml:23:9-25:69
102            android:name="com.google.android.gms.version"
102-->[com.google.android.gms:play-services-basement:17.2.1] AndroidManifest.xml:24:13-58
103            android:value="@integer/google_play_services_version" />
103-->[com.google.android.gms:play-services-basement:17.2.1] AndroidManifest.xml:25:13-66
104
105        <service
105-->[com.google.android.datatransport:transport-backend-cct:2.3.0] AndroidManifest.xml:29:9-35:19
106            android:name="com.google.android.datatransport.runtime.backends.TransportBackendDiscovery"
106-->[com.google.android.datatransport:transport-backend-cct:2.3.0] AndroidManifest.xml:30:13-103
107            android:exported="false" >
107-->[com.google.android.datatransport:transport-backend-cct:2.3.0] AndroidManifest.xml:31:13-37
108            <meta-data
108-->[com.google.android.datatransport:transport-backend-cct:2.3.0] AndroidManifest.xml:32:13-34:39
109                android:name="backend:com.google.android.datatransport.cct.CctBackendFactory"
109-->[com.google.android.datatransport:transport-backend-cct:2.3.0] AndroidManifest.xml:33:17-94
110                android:value="cct" />
110-->[com.google.android.datatransport:transport-backend-cct:2.3.0] AndroidManifest.xml:34:17-36
111        </service>
112        <service
112-->[com.google.android.datatransport:transport-runtime:2.2.3] AndroidManifest.xml:26:9-30:19
113            android:name="com.google.android.datatransport.runtime.scheduling.jobscheduling.JobInfoSchedulerService"
113-->[com.google.android.datatransport:transport-runtime:2.2.3] AndroidManifest.xml:27:13-117
114            android:exported="false"
114-->[com.google.android.datatransport:transport-runtime:2.2.3] AndroidManifest.xml:28:13-37
115            android:permission="android.permission.BIND_JOB_SERVICE" >
115-->[com.google.android.datatransport:transport-runtime:2.2.3] AndroidManifest.xml:29:13-69
116        </service>
117
118        <receiver
118-->[com.google.android.datatransport:transport-runtime:2.2.3] AndroidManifest.xml:32:9-34:40
119            android:name="com.google.android.datatransport.runtime.scheduling.jobscheduling.AlarmManagerSchedulerBroadcastReceiver"
119-->[com.google.android.datatransport:transport-runtime:2.2.3] AndroidManifest.xml:33:13-132
120            android:exported="false" />
120-->[com.google.android.datatransport:transport-runtime:2.2.3] AndroidManifest.xml:34:13-37
121
122        <provider
122-->[androidx.lifecycle:lifecycle-process:2.1.0] AndroidManifest.xml:23:9-27:43
123            android:name="androidx.lifecycle.ProcessLifecycleOwnerInitializer"
123-->[androidx.lifecycle:lifecycle-process:2.1.0] AndroidManifest.xml:24:13-79
124            android:authorities="com.example.recycleviewtest.lifecycle-process"
124-->[androidx.lifecycle:lifecycle-process:2.1.0] AndroidManifest.xml:25:13-69
125            android:exported="false"
125-->[androidx.lifecycle:lifecycle-process:2.1.0] AndroidManifest.xml:26:13-37
126            android:multiprocess="true" /> <!-- The activities will be merged into the manifest of the hosting app. -->
126-->[androidx.lifecycle:lifecycle-process:2.1.0] AndroidManifest.xml:27:13-40
127        <activity
127-->[com.google.android.play:core:1.7.2] AndroidManifest.xml:12:5-271
128            android:name="com.google.android.play.core.missingsplits.PlayCoreMissingSplitsActivity"
128-->[com.google.android.play:core:1.7.2] AndroidManifest.xml:12:15-102
129            android:enabled="false"
129-->[com.google.android.play:core:1.7.2] AndroidManifest.xml:12:103-126
130            android:exported="false"
130-->[com.google.android.play:core:1.7.2] AndroidManifest.xml:12:127-151
131            android:launchMode="singleInstance"
131-->[com.google.android.play:core:1.7.2] AndroidManifest.xml:12:204-239
132            android:process=":playcore_missing_splits_activity"
132-->[com.google.android.play:core:1.7.2] AndroidManifest.xml:12:152-203
133            android:stateNotNeeded="true" />
133-->[com.google.android.play:core:1.7.2] AndroidManifest.xml:12:240-269
134        <activity
134-->[com.google.android.play:core:1.7.2] AndroidManifest.xml:13:5-226
135            android:name="com.google.android.play.core.common.PlayCoreDialogWrapperActivity"
135-->[com.google.android.play:core:1.7.2] AndroidManifest.xml:13:15-95
136            android:enabled="false"
136-->[com.google.android.play:core:1.7.2] AndroidManifest.xml:13:96-119
137            android:exported="false"
137-->[com.google.android.play:core:1.7.2] AndroidManifest.xml:13:120-144
138            android:stateNotNeeded="true"
138-->[com.google.android.play:core:1.7.2] AndroidManifest.xml:13:145-174
139            android:theme="@style/Theme.PlayCore.Transparent" /> <!-- The service will be merged into the manifest of the hosting app. -->
139-->[com.google.android.play:core:1.7.2] AndroidManifest.xml:13:175-224
140        <service
140-->[com.google.android.play:core:1.7.2] AndroidManifest.xml:16:5-145
141            android:name="com.google.android.play.core.assetpacks.AssetPackExtractionService"
141-->[com.google.android.play:core:1.7.2] AndroidManifest.xml:16:14-95
142            android:enabled="false"
142-->[com.google.android.play:core:1.7.2] AndroidManifest.xml:16:96-119
143            android:exported="true" />
143-->[com.google.android.play:core:1.7.2] AndroidManifest.xml:16:120-143
144    </application>
145
146</manifest>